# JRE version: Java(TM) SE Runtime Environment (17.0.6+9) (build 17.0.6+9-LTS-190)
# Java VM: Java HotSpot(TM) 64-Bit Server VM (17.0.6+9-LTS-190, mixed mode, sharing, tiered, compressed oops, compressed class ptrs, g1 gc, windows-amd64)
GC Precious Log:
 CPUs: 8 total, 8 available
 Memory: 20331M
 Large Page Support: Disabled
 NUMA Support: Disabled
 Compressed Oops: Enabled (Zero based)
 Heap Region Size: 4M
 Heap Min Capacity: 8M
 Heap Initial Capacity: 320M
 Heap Max Capacity: 5084M
 Pre-touch: Disabled
 Parallel Workers: 8
 Concurrent Workers: 2
 Concurrent Refinement Workers: 8
 Periodic GC: Disabled
Heap:
 garbage-first heap   total 327680K, used 52449K [0x00000006c2400000, 0x0000000800000000)
  region size 4096K, 13 young (53248K), 2 survivors (8192K)
 Metaspace       used 20786K, committed 21056K, reserved 1073152K
  class space    used 2606K, committed 2752K, reserved 1048576K
GC Heap History (6 events):
Event: 0.989 GC heap before
{Heap before GC invocations=0 (full 0):
 garbage-first heap   total 327680K, used 20480K [0x00000006c2400000, 0x0000000800000000)
  region size 4096K, 5 young (20480K), 0 survivors (0K)
 Metaspace       used 4645K, committed 4736K, reserved 1056768K
  class space    used 513K, committed 576K, reserved 1048576K
}
Event: 0.994 GC heap after
{Heap after GC invocations=1 (full 0):
 garbage-first heap   total 327680K, used 7258K [0x00000006c2400000, 0x0000000800000000)
  region size 4096K, 1 young (4096K), 1 survivors (4096K)
 Metaspace       used 4645K, committed 4736K, reserved 1056768K
  class space    used 513K, committed 576K, reserved 1048576K
}
Event: 1.566 GC heap before
{Heap before GC invocations=1 (full 0):
 garbage-first heap   total 327680K, used 19546K [0x00000006c2400000, 0x0000000800000000)
  region size 4096K, 4 young (16384K), 1 survivors (4096K)
 Metaspace       used 7679K, committed 7936K, reserved 1056768K
  class space    used 921K, committed 1024K, reserved 1048576K
}
Event: 1.572 GC heap after
{Heap after GC invocations=2 (full 0):
 garbage-first heap   total 327680K, used 8673K [0x00000006c2400000, 0x0000000800000000)
  region size 4096K, 1 young (4096K), 1 survivors (4096K)
 Metaspace       used 7679K, committed 7936K, reserved 1056768K
  class space    used 921K, committed 1024K, reserved 1048576K
}
Event: 2.387 GC heap before
{Heap before GC invocations=2 (full 0):
 garbage-first heap   total 327680K, used 45537K [0x00000006c2400000, 0x0000000800000000)
  region size 4096K, 10 young (40960K), 1 survivors (4096K)
 Metaspace       used 15582K, committed 15744K, reserved 1064960K
  class space    used 1990K, committed 2048K, reserved 1048576K
}
Event: 2.395 GC heap after
{Heap after GC invocations=3 (full 0):
 garbage-first heap   total 327680K, used 11489K [0x00000006c2400000, 0x0000000800000000)
  region size 4096K, 2 young (8192K), 2 survivors (8192K)
 Metaspace       used 15582K, committed 15744K, reserved 1064960K
  class space    used 1990K, committed 2048K, reserved 1048576K
}

